<?xml version="1.0" encoding="UTF-8"?>
<!-- Generated by org.testng.reporters.JUnitXMLReporter -->
<testsuite ignored="0" hostname="LAPTOP-OT668I4U" failures="0" tests="3" name="Default test" time="26.364" errors="0" timestamp="2021-08-06T18:28:30 IST">
  <testcase classname="fw.loginModule.LoginModuleTestCases" name="loginTC_001" time="11.184"/>
  <testcase classname="fw.loginModule.LoginModuleTestCases" name="loginTC_002" time="3.797"/>
  <testcase classname="fw.loginModule.LoginModuleTestCases" name="loginTC_003" time="4.962"/>
</testsuite> <!-- Default test -->
