<?xml version="1.0" encoding="UTF-8"?>
<!-- Generated by org.testng.reporters.JUnitXMLReporter -->
<testsuite ignored="0" hostname="LAPTOP-OT668I4U" failures="0" tests="3" name="Test" time="35.488" errors="0" timestamp="2021-08-06T17:20:29 IST">
  <testcase classname="fw.loginModule.LoginModuleTestCases" name="loginTC_001" time="13.956"/>
  <testcase classname="fw.loginModule.LoginModuleTestCases" name="loginTC_002" time="5.109"/>
  <testcase classname="fw.loginModule.LoginModuleTestCases" name="loginTC_003" time="5.821"/>
</testsuite> <!-- Test -->
