<?xml version="1.0" encoding="UTF-8"?>
<testng-results ignored="0" total="3" passed="3" failed="0" skipped="0">
  <reporter-output>
  </reporter-output>
  <suite started-at="2021-08-06T18:28:03 IST" name="Default suite" finished-at="2021-08-06T18:28:30 IST" duration-ms="26364">
    <groups>
    </groups>
    <test started-at="2021-08-06T18:28:03 IST" name="Default test" finished-at="2021-08-06T18:28:30 IST" duration-ms="26364">
      <class name="fw.loginModule.LoginModuleTestCases">
        <test-method is-config="true" signature="startBrowser()[pri:0, instance:fw.loginModule.LoginModuleTestCases@70e9c95d]" started-at="2021-08-06T18:28:03 IST" name="startBrowser" finished-at="2021-08-06T18:28:06 IST" duration-ms="2889" status="PASS">
          <reporter-output>
          </reporter-output>
        </test-method> <!-- startBrowser -->
        <test-method is-config="true" signature="startDriver()[pri:0, instance:fw.loginModule.LoginModuleTestCases@70e9c95d]" started-at="2021-08-06T18:28:06 IST" name="startDriver" finished-at="2021-08-06T18:28:08 IST" duration-ms="2222" status="PASS">
          <reporter-output>
          </reporter-output>
        </test-method> <!-- startDriver -->
        <test-method signature="loginTC_001()[pri:0, instance:fw.loginModule.LoginModuleTestCases@70e9c95d]" started-at="2021-08-06T18:28:08 IST" name="loginTC_001" description="Login With Valid Credentials" finished-at="2021-08-06T18:28:20 IST" duration-ms="11184" status="PASS">
          <reporter-output>
          </reporter-output>
        </test-method> <!-- loginTC_001 -->
        <test-method is-config="true" signature="refreshPage()[pri:0, instance:fw.loginModule.LoginModuleTestCases@70e9c95d]" started-at="2021-08-06T18:28:20 IST" name="refreshPage" finished-at="2021-08-06T18:28:20 IST" duration-ms="1" status="PASS">
          <reporter-output>
          </reporter-output>
        </test-method> <!-- refreshPage -->
        <test-method is-config="true" signature="startDriver()[pri:0, instance:fw.loginModule.LoginModuleTestCases@70e9c95d]" started-at="2021-08-06T18:28:20 IST" name="startDriver" finished-at="2021-08-06T18:28:20 IST" duration-ms="521" status="PASS">
          <reporter-output>
          </reporter-output>
        </test-method> <!-- startDriver -->
        <test-method signature="loginTC_002()[pri:0, instance:fw.loginModule.LoginModuleTestCases@70e9c95d]" started-at="2021-08-06T18:28:20 IST" name="loginTC_002" description="Login With invalid Credentials" finished-at="2021-08-06T18:28:24 IST" duration-ms="3797" status="PASS">
          <reporter-output>
          </reporter-output>
        </test-method> <!-- loginTC_002 -->
        <test-method is-config="true" signature="refreshPage()[pri:0, instance:fw.loginModule.LoginModuleTestCases@70e9c95d]" started-at="2021-08-06T18:28:24 IST" name="refreshPage" finished-at="2021-08-06T18:28:24 IST" duration-ms="0" status="PASS">
          <reporter-output>
          </reporter-output>
        </test-method> <!-- refreshPage -->
        <test-method is-config="true" signature="startDriver()[pri:0, instance:fw.loginModule.LoginModuleTestCases@70e9c95d]" started-at="2021-08-06T18:28:24 IST" name="startDriver" finished-at="2021-08-06T18:28:24 IST" duration-ms="463" status="PASS">
          <reporter-output>
          </reporter-output>
        </test-method> <!-- startDriver -->
        <test-method signature="loginTC_003()[pri:0, instance:fw.loginModule.LoginModuleTestCases@70e9c95d]" started-at="2021-08-06T18:28:24 IST" name="loginTC_003" description="Login With valid user and invalid password" finished-at="2021-08-06T18:28:29 IST" duration-ms="4962" status="PASS">
          <reporter-output>
          </reporter-output>
        </test-method> <!-- loginTC_003 -->
        <test-method is-config="true" signature="refreshPage()[pri:0, instance:fw.loginModule.LoginModuleTestCases@70e9c95d]" started-at="2021-08-06T18:28:29 IST" name="refreshPage" finished-at="2021-08-06T18:28:29 IST" duration-ms="0" status="PASS">
          <reporter-output>
          </reporter-output>
        </test-method> <!-- refreshPage -->
        <test-method is-config="true" signature="closeBrowser()[pri:0, instance:fw.loginModule.LoginModuleTestCases@70e9c95d]" started-at="2021-08-06T18:28:29 IST" name="closeBrowser" finished-at="2021-08-06T18:28:30 IST" duration-ms="269" status="PASS">
          <reporter-output>
          </reporter-output>
        </test-method> <!-- closeBrowser -->
      </class> <!-- fw.loginModule.LoginModuleTestCases -->
    </test> <!-- Default test -->
  </suite> <!-- Default suite -->
</testng-results>
