<?xml version="1.0" encoding="UTF-8"?>
<testng-results ignored="0" total="3" passed="3" failed="0" skipped="0">
  <reporter-output>
  </reporter-output>
  <suite started-at="2021-08-06T17:19:53 IST" name="Suite" finished-at="2021-08-06T17:20:29 IST" duration-ms="35488">
    <groups>
    </groups>
    <test started-at="2021-08-06T17:19:53 IST" name="Test" finished-at="2021-08-06T17:20:29 IST" duration-ms="35488">
      <class name="fw.loginModule.LoginModuleTestCases">
        <test-method is-config="true" signature="startBrowser()[pri:0, instance:fw.loginModule.LoginModuleTestCases@2e3967ea]" started-at="2021-08-06T17:19:53 IST" name="startBrowser" finished-at="2021-08-06T17:19:59 IST" duration-ms="5654" status="PASS">
          <reporter-output>
          </reporter-output>
        </test-method> <!-- startBrowser -->
        <test-method is-config="true" signature="startDriver()[pri:0, instance:fw.loginModule.LoginModuleTestCases@2e3967ea]" started-at="2021-08-06T17:19:59 IST" name="startDriver" finished-at="2021-08-06T17:20:02 IST" duration-ms="3233" status="PASS">
          <reporter-output>
          </reporter-output>
        </test-method> <!-- startDriver -->
        <test-method signature="loginTC_001()[pri:0, instance:fw.loginModule.LoginModuleTestCases@2e3967ea]" started-at="2021-08-06T17:20:02 IST" name="loginTC_001" description="Login With Valid Credentials" finished-at="2021-08-06T17:20:16 IST" duration-ms="13956" status="PASS">
          <reporter-output>
          </reporter-output>
        </test-method> <!-- loginTC_001 -->
        <test-method is-config="true" signature="refreshPage()[pri:0, instance:fw.loginModule.LoginModuleTestCases@2e3967ea]" started-at="2021-08-06T17:20:16 IST" name="refreshPage" finished-at="2021-08-06T17:20:16 IST" duration-ms="1" status="PASS">
          <reporter-output>
          </reporter-output>
        </test-method> <!-- refreshPage -->
        <test-method is-config="true" signature="startDriver()[pri:0, instance:fw.loginModule.LoginModuleTestCases@2e3967ea]" started-at="2021-08-06T17:20:16 IST" name="startDriver" finished-at="2021-08-06T17:20:17 IST" duration-ms="577" status="PASS">
          <reporter-output>
          </reporter-output>
        </test-method> <!-- startDriver -->
        <test-method signature="loginTC_002()[pri:0, instance:fw.loginModule.LoginModuleTestCases@2e3967ea]" started-at="2021-08-06T17:20:17 IST" name="loginTC_002" description="Login With invalid Credentials" finished-at="2021-08-06T17:20:22 IST" duration-ms="5109" status="PASS">
          <reporter-output>
          </reporter-output>
        </test-method> <!-- loginTC_002 -->
        <test-method is-config="true" signature="refreshPage()[pri:0, instance:fw.loginModule.LoginModuleTestCases@2e3967ea]" started-at="2021-08-06T17:20:22 IST" name="refreshPage" finished-at="2021-08-06T17:20:22 IST" duration-ms="0" status="PASS">
          <reporter-output>
          </reporter-output>
        </test-method> <!-- refreshPage -->
        <test-method is-config="true" signature="startDriver()[pri:0, instance:fw.loginModule.LoginModuleTestCases@2e3967ea]" started-at="2021-08-06T17:20:22 IST" name="startDriver" finished-at="2021-08-06T17:20:23 IST" duration-ms="813" status="PASS">
          <reporter-output>
          </reporter-output>
        </test-method> <!-- startDriver -->
        <test-method signature="loginTC_003()[pri:0, instance:fw.loginModule.LoginModuleTestCases@2e3967ea]" started-at="2021-08-06T17:20:23 IST" name="loginTC_003" description="Login With valid user and invalid password" finished-at="2021-08-06T17:20:28 IST" duration-ms="5821" status="PASS">
          <reporter-output>
          </reporter-output>
        </test-method> <!-- loginTC_003 -->
        <test-method is-config="true" signature="refreshPage()[pri:0, instance:fw.loginModule.LoginModuleTestCases@2e3967ea]" started-at="2021-08-06T17:20:28 IST" name="refreshPage" finished-at="2021-08-06T17:20:28 IST" duration-ms="0" status="PASS">
          <reporter-output>
          </reporter-output>
        </test-method> <!-- refreshPage -->
        <test-method is-config="true" signature="closeBrowser()[pri:0, instance:fw.loginModule.LoginModuleTestCases@2e3967ea]" started-at="2021-08-06T17:20:28 IST" name="closeBrowser" finished-at="2021-08-06T17:20:29 IST" duration-ms="262" status="PASS">
          <reporter-output>
          </reporter-output>
        </test-method> <!-- closeBrowser -->
      </class> <!-- fw.loginModule.LoginModuleTestCases -->
    </test> <!-- Test -->
  </suite> <!-- Suite -->
</testng-results>
